# JRE version: OpenJDK Runtime Environment (8.0_152-b06) (build 1.8.0_152-release-1136-b06)
# Java VM: OpenJDK 64-Bit Server VM (25.152-b06 mixed mode windows-amd64 compressed oops)
Heap:
 PSYoungGen      total 70656K, used 65624K [0x00000000e0000000, 0x00000000e6400000, 0x0000000100000000)
  eden space 60416K, 98% used [0x00000000e0000000,0x00000000e39d8e18,0x00000000e3b00000)
  from space 10240K, 62% used [0x00000000e3b00000,0x00000000e413d280,0x00000000e4500000)
  to   space 9728K, 0% used [0x00000000e5a80000,0x00000000e5a80000,0x00000000e6400000)
 ParOldGen       total 59904K, used 8237K [0x00000000a0000000, 0x00000000a3a80000, 0x00000000e0000000)
  object space 59904K, 13% used [0x00000000a0000000,0x00000000a080b5a8,0x00000000a3a80000)
 Metaspace       used 31320K, capacity 31810K, committed 32048K, reserved 1077248K
  class space    used 4391K, capacity 4544K, committed 4656K, reserved 1048576K
GC Heap History (10 events):
Event: 3.752 GC heap before
{Heap before GC invocations=4 (full 0):
 PSYoungGen      total 38400K, used 38371K [0x00000000e0000000, 0x00000000e2a80000, 0x0000000100000000)
  eden space 33280K, 100% used [0x00000000e0000000,0x00000000e2080000,0x00000000e2080000)
  from space 5120K, 99% used [0x00000000e2080000,0x00000000e2578e48,0x00000000e2580000)
  to   space 5120K, 0% used [0x00000000e2580000,0x00000000e2580000,0x00000000e2a80000)
 ParOldGen       total 87552K, used 2159K [0x00000000a0000000, 0x00000000a5580000, 0x00000000e0000000)
  object space 87552K, 2% used [0x00000000a0000000,0x00000000a021bdb0,0x00000000a5580000)
 Metaspace       used 17351K, capacity 17814K, committed 18048K, reserved 1064960K
  class space    used 2512K, capacity 2659K, committed 2688K, reserved 1048576K
Event: 3.771 GC heap after
Heap after GC invocations=4 (full 0):
 PSYoungGen      total 38400K, used 5088K [0x00000000e0000000, 0x00000000e4b00000, 0x0000000100000000)
  eden space 33280K, 0% used [0x00000000e0000000,0x00000000e0000000,0x00000000e2080000)
  from space 5120K, 99% used [0x00000000e2580000,0x00000000e2a78020,0x00000000e2a80000)
  to   space 5120K, 0% used [0x00000000e2080000,0x00000000e2080000,0x00000000e2580000)
 ParOldGen       total 87552K, used 5354K [0x00000000a0000000, 0x00000000a5580000, 0x00000000e0000000)
  object space 87552K, 6% used [0x00000000a0000000,0x00000000a053aa08,0x00000000a5580000)
 Metaspace       used 17351K, capacity 17814K, committed 18048K, reserved 1064960K
  class space    used 2512K, capacity 2659K, committed 2688K, reserved 1048576K
}
Event: 4.168 GC heap before
{Heap before GC invocations=5 (full 0):
 PSYoungGen      total 38400K, used 22868K [0x00000000e0000000, 0x00000000e4b00000, 0x0000000100000000)
  eden space 33280K, 53% used [0x00000000e0000000,0x00000000e115cfe8,0x00000000e2080000)
  from space 5120K, 99% used [0x00000000e2580000,0x00000000e2a78020,0x00000000e2a80000)
  to   space 5120K, 0% used [0x00000000e2080000,0x00000000e2080000,0x00000000e2580000)
 ParOldGen       total 87552K, used 5354K [0x00000000a0000000, 0x00000000a5580000, 0x00000000e0000000)
  object space 87552K, 6% used [0x00000000a0000000,0x00000000a053aa08,0x00000000a5580000)
 Metaspace       used 20860K, capacity 21244K, committed 21296K, reserved 1067008K
  class space    used 2924K, capacity 3076K, committed 3120K, reserved 1048576K
Event: 4.181 GC heap after
Heap after GC invocations=5 (full 0):
 PSYoungGen      total 38400K, used 5094K [0x00000000e0000000, 0x00000000e5500000, 0x0000000100000000)
  eden space 33280K, 0% used [0x00000000e0000000,0x00000000e0000000,0x00000000e2080000)
  from space 5120K, 99% used [0x00000000e2080000,0x00000000e2579a38,0x00000000e2580000)
  to   space 10240K, 0% used [0x00000000e4b00000,0x00000000e4b00000,0x00000000e5500000)
 ParOldGen       total 87552K, used 8248K [0x00000000a0000000, 0x00000000a5580000, 0x00000000e0000000)
  object space 87552K, 9% used [0x00000000a0000000,0x00000000a080e210,0x00000000a5580000)
 Metaspace       used 20860K, capacity 21244K, committed 21296K, reserved 1067008K
  class space    used 2924K, capacity 3076K, committed 3120K, reserved 1048576K
}
Event: 4.181 GC heap before
{Heap before GC invocations=6 (full 1):
 PSYoungGen      total 38400K, used 5094K [0x00000000e0000000, 0x00000000e5500000, 0x0000000100000000)
  eden space 33280K, 0% used [0x00000000e0000000,0x00000000e0000000,0x00000000e2080000)
  from space 5120K, 99% used [0x00000000e2080000,0x00000000e2579a38,0x00000000e2580000)
  to   space 10240K, 0% used [0x00000000e4b00000,0x00000000e4b00000,0x00000000e5500000)
 ParOldGen       total 87552K, used 8248K [0x00000000a0000000, 0x00000000a5580000, 0x00000000e0000000)
  object space 87552K, 9% used [0x00000000a0000000,0x00000000a080e210,0x00000000a5580000)
 Metaspace       used 20860K, capacity 21244K, committed 21296K, reserved 1067008K
  class space    used 2924K, capacity 3076K, committed 3120K, reserved 1048576K
Event: 4.234 GC heap after
Heap after GC invocations=6 (full 1):
 PSYoungGen      total 38400K, used 0K [0x00000000e0000000, 0x00000000e5500000, 0x0000000100000000)
  eden space 33280K, 0% used [0x00000000e0000000,0x00000000e0000000,0x00000000e2080000)
  from space 5120K, 0% used [0x00000000e2080000,0x00000000e2080000,0x00000000e2580000)
  to   space 10240K, 0% used [0x00000000e4b00000,0x00000000e4b00000,0x00000000e5500000)
 ParOldGen       total 59904K, used 8221K [0x00000000a0000000, 0x00000000a3a80000, 0x00000000e0000000)
  object space 59904K, 13% used [0x00000000a0000000,0x00000000a08075a8,0x00000000a3a80000)
 Metaspace       used 20860K, capacity 21244K, committed 21296K, reserved 1067008K
  class space    used 2924K, capacity 3076K, committed 3120K, reserved 1048576K
}
Event: 4.909 GC heap before
{Heap before GC invocations=7 (full 1):
 PSYoungGen      total 38400K, used 33280K [0x00000000e0000000, 0x00000000e5500000, 0x0000000100000000)
  eden space 33280K, 100% used [0x00000000e0000000,0x00000000e2080000,0x00000000e2080000)
  from space 5120K, 0% used [0x00000000e2080000,0x00000000e2080000,0x00000000e2580000)
  to   space 10240K, 0% used [0x00000000e4b00000,0x00000000e4b00000,0x00000000e5500000)
 ParOldGen       total 59904K, used 8221K [0x00000000a0000000, 0x00000000a3a80000, 0x00000000e0000000)
  object space 59904K, 13% used [0x00000000a0000000,0x00000000a08075a8,0x00000000a3a80000)
 Metaspace       used 24011K, capacity 24428K, committed 24496K, reserved 1071104K
  class space    used 3305K, capacity 3469K, committed 3504K, reserved 1048576K
Event: 4.917 GC heap after
Heap after GC invocations=7 (full 1):
 PSYoungGen      total 56320K, used 3807K [0x00000000e0000000, 0x00000000e4f00000, 0x0000000100000000)
  eden space 52224K, 0% used [0x00000000e0000000,0x00000000e0000000,0x00000000e3300000)
  from space 4096K, 92% used [0x00000000e4b00000,0x00000000e4eb7e10,0x00000000e4f00000)
  to   space 10240K, 0% used [0x00000000e3b00000,0x00000000e3b00000,0x00000000e4500000)
 ParOldGen       total 59904K, used 8229K [0x00000000a0000000, 0x00000000a3a80000, 0x00000000e0000000)
  object space 59904K, 13% used [0x00000000a0000000,0x00000000a08095a8,0x00000000a3a80000)
 Metaspace       used 24011K, capacity 24428K, committed 24496K, reserved 1071104K
  class space    used 3305K, capacity 3469K, committed 3504K, reserved 1048576K
}
Event: 5.861 GC heap before
{Heap before GC invocations=8 (full 1):
 PSYoungGen      total 56320K, used 56031K [0x00000000e0000000, 0x00000000e4f00000, 0x0000000100000000)
  eden space 52224K, 100% used [0x00000000e0000000,0x00000000e3300000,0x00000000e3300000)
  from space 4096K, 92% used [0x00000000e4b00000,0x00000000e4eb7e10,0x00000000e4f00000)
  to   space 10240K, 0% used [0x00000000e3b00000,0x00000000e3b00000,0x00000000e4500000)
 ParOldGen       total 59904K, used 8229K [0x00000000a0000000, 0x00000000a3a80000, 0x00000000e0000000)
  object space 59904K, 13% used [0x00000000a0000000,0x00000000a08095a8,0x00000000a3a80000)
 Metaspace       used 27775K, capacity 28220K, committed 28464K, reserved 1073152K
  class space    used 3882K, capacity 4027K, committed 4144K, reserved 1048576K
Event: 5.880 GC heap after
Heap after GC invocations=8 (full 1):
 PSYoungGen      total 70656K, used 6388K [0x00000000e0000000, 0x00000000e6400000, 0x0000000100000000)
  eden space 60416K, 0% used [0x00000000e0000000,0x00000000e0000000,0x00000000e3b00000)
  from space 10240K, 62% used [0x00000000e3b00000,0x00000000e413d280,0x00000000e4500000)
  to   space 9728K, 0% used [0x00000000e5a80000,0x00000000e5a80000,0x00000000e6400000)
 ParOldGen       total 59904K, used 8237K [0x00000000a0000000, 0x00000000a3a80000, 0x00000000e0000000)
  object space 59904K, 13% used [0x00000000a0000000,0x00000000a080b5a8,0x00000000a3a80000)
 Metaspace       used 27775K, capacity 28220K, committed 28464K, reserved 1073152K
  class space    used 3882K, capacity 4027K, committed 4144K, reserved 1048576K
}

