# JRE version: OpenJDK Runtime Environment (8.0_152-b01) (build 1.8.0_152-release-1248-b01)
# Java VM: OpenJDK 64-Bit Server VM (25.152-b01 mixed mode windows-amd64 compressed oops)
Heap:
 PSYoungGen      total 156160K, used 119531K [0x00000000e0000000, 0x00000000ef100000, 0x0000000100000000)
  eden space 128512K, 71% used [0x00000000e0000000,0x00000000e59c0088,0x00000000e7d80000)
  from space 27648K, 99% used [0x00000000e7d80000,0x00000000e987af10,0x00000000e9880000)
  to   space 38912K, 0% used [0x00000000ecb00000,0x00000000ecb00000,0x00000000ef100000)
 ParOldGen       total 147968K, used 78446K [0x00000000a0000000, 0x00000000a9080000, 0x00000000e0000000)
  object space 147968K, 53% used [0x00000000a0000000,0x00000000a4c9bbc0,0x00000000a9080000)
 Metaspace       used 74527K, capacity 76374K, committed 76720K, reserved 1116160K
  class space    used 9583K, capacity 10062K, committed 10160K, reserved 1048576K
GC Heap History (10 events):
Event: 14.610 GC heap before
{Heap before GC invocations=14 (full 2):
 PSYoungGen      total 119808K, used 92009K [0x00000000e0000000, 0x00000000e9180000, 0x0000000100000000)
  eden space 107008K, 77% used [0x00000000e0000000,0x00000000e50a3588,0x00000000e6880000)
  from space 12800K, 73% used [0x00000000e6880000,0x00000000e71b6ef0,0x00000000e7500000)
  to   space 13312K, 0% used [0x00000000e8480000,0x00000000e8480000,0x00000000e9180000)
 ParOldGen       total 96768K, used 24170K [0x00000000a0000000, 0x00000000a5e80000, 0x00000000e0000000)
  object space 96768K, 24% used [0x00000000a0000000,0x00000000a179a8a0,0x00000000a5e80000)
 Metaspace       used 57581K, capacity 59068K, committed 59160K, reserved 1099776K
  class space    used 7892K, capacity 8311K, committed 8368K, reserved 1048576K
Event: 14.636 GC heap after
Heap after GC invocations=14 (full 2):
 PSYoungGen      total 134144K, used 13081K [0x00000000e0000000, 0x00000000e9e00000, 0x0000000100000000)
  eden space 120832K, 0% used [0x00000000e0000000,0x00000000e0000000,0x00000000e7600000)
  from space 13312K, 98% used [0x00000000e8480000,0x00000000e9146760,0x00000000e9180000)
  to   space 14848K, 0% used [0x00000000e7600000,0x00000000e7600000,0x00000000e8480000)
 ParOldGen       total 96768K, used 24178K [0x00000000a0000000, 0x00000000a5e80000, 0x00000000e0000000)
  object space 96768K, 24% used [0x00000000a0000000,0x00000000a179c8a0,0x00000000a5e80000)
 Metaspace       used 57581K, capacity 59068K, committed 59160K, reserved 1099776K
  class space    used 7892K, capacity 8311K, committed 8368K, reserved 1048576K
}
Event: 14.636 GC heap before
{Heap before GC invocations=15 (full 3):
 PSYoungGen      total 134144K, used 13081K [0x00000000e0000000, 0x00000000e9e00000, 0x0000000100000000)
  eden space 120832K, 0% used [0x00000000e0000000,0x00000000e0000000,0x00000000e7600000)
  from space 13312K, 98% used [0x00000000e8480000,0x00000000e9146760,0x00000000e9180000)
  to   space 14848K, 0% used [0x00000000e7600000,0x00000000e7600000,0x00000000e8480000)
 ParOldGen       total 96768K, used 24178K [0x00000000a0000000, 0x00000000a5e80000, 0x00000000e0000000)
  object space 96768K, 24% used [0x00000000a0000000,0x00000000a179c8a0,0x00000000a5e80000)
 Metaspace       used 57581K, capacity 59068K, committed 59160K, reserved 1099776K
  class space    used 7892K, capacity 8311K, committed 8368K, reserved 1048576K
Event: 14.941 GC heap after
Heap after GC invocations=15 (full 3):
 PSYoungGen      total 134144K, used 0K [0x00000000e0000000, 0x00000000e9e00000, 0x0000000100000000)
  eden space 120832K, 0% used [0x00000000e0000000,0x00000000e0000000,0x00000000e7600000)
  from space 13312K, 0% used [0x00000000e8480000,0x00000000e8480000,0x00000000e9180000)
  to   space 14848K, 0% used [0x00000000e7600000,0x00000000e7600000,0x00000000e8480000)
 ParOldGen       total 147968K, used 33316K [0x00000000a0000000, 0x00000000a9080000, 0x00000000e0000000)
  object space 147968K, 22% used [0x00000000a0000000,0x00000000a2089298,0x00000000a9080000)
 Metaspace       used 57581K, capacity 59068K, committed 59160K, reserved 1099776K
  class space    used 7892K, capacity 8311K, committed 8368K, reserved 1048576K
}
Event: 20.282 GC heap before
{Heap before GC invocations=16 (full 3):
 PSYoungGen      total 134144K, used 120832K [0x00000000e0000000, 0x00000000e9e00000, 0x0000000100000000)
  eden space 120832K, 100% used [0x00000000e0000000,0x00000000e7600000,0x00000000e7600000)
  from space 13312K, 0% used [0x00000000e8480000,0x00000000e8480000,0x00000000e9180000)
  to   space 14848K, 0% used [0x00000000e7600000,0x00000000e7600000,0x00000000e8480000)
 ParOldGen       total 147968K, used 33316K [0x00000000a0000000, 0x00000000a9080000, 0x00000000e0000000)
  object space 147968K, 22% used [0x00000000a0000000,0x00000000a2089298,0x00000000a9080000)
 Metaspace       used 63028K, capacity 64720K, committed 64944K, reserved 1105920K
  class space    used 8548K, capacity 9013K, committed 9136K, reserved 1048576K
Event: 20.308 GC heap after
Heap after GC invocations=16 (full 3):
 PSYoungGen      total 135680K, used 13111K [0x00000000e0000000, 0x00000000ea800000, 0x0000000100000000)
  eden space 120832K, 0% used [0x00000000e0000000,0x00000000e0000000,0x00000000e7600000)
  from space 14848K, 88% used [0x00000000e7600000,0x00000000e82cdc50,0x00000000e8480000)
  to   space 15872K, 0% used [0x00000000e9880000,0x00000000e9880000,0x00000000ea800000)
 ParOldGen       total 147968K, used 33316K [0x00000000a0000000, 0x00000000a9080000, 0x00000000e0000000)
  object space 147968K, 22% used [0x00000000a0000000,0x00000000a2089298,0x00000000a9080000)
 Metaspace       used 63028K, capacity 64720K, committed 64944K, reserved 1105920K
  class space    used 8548K, capacity 9013K, committed 9136K, reserved 1048576K
}
Event: 22.710 GC heap before
{Heap before GC invocations=17 (full 3):
 PSYoungGen      total 135680K, used 133943K [0x00000000e0000000, 0x00000000ea800000, 0x0000000100000000)
  eden space 120832K, 100% used [0x00000000e0000000,0x00000000e7600000,0x00000000e7600000)
  from space 14848K, 88% used [0x00000000e7600000,0x00000000e82cdc50,0x00000000e8480000)
  to   space 15872K, 0% used [0x00000000e9880000,0x00000000e9880000,0x00000000ea800000)
 ParOldGen       total 147968K, used 33316K [0x00000000a0000000, 0x00000000a9080000, 0x00000000e0000000)
  object space 147968K, 22% used [0x00000000a0000000,0x00000000a2089298,0x00000000a9080000)
 Metaspace       used 69729K, capacity 71440K, committed 71728K, reserved 1112064K
  class space    used 9240K, capacity 9717K, committed 9776K, reserved 1048576K
Event: 22.853 GC heap after
Heap after GC invocations=17 (full 3):
 PSYoungGen      total 144384K, used 15856K [0x00000000e0000000, 0x00000000ec900000, 0x0000000100000000)
  eden space 128512K, 0% used [0x00000000e0000000,0x00000000e0000000,0x00000000e7d80000)
  from space 15872K, 99% used [0x00000000e9880000,0x00000000ea7fc3a0,0x00000000ea800000)
  to   space 27648K, 0% used [0x00000000e7d80000,0x00000000e7d80000,0x00000000e9880000)
 ParOldGen       total 147968K, used 59871K [0x00000000a0000000, 0x00000000a9080000, 0x00000000e0000000)
  object space 147968K, 40% used [0x00000000a0000000,0x00000000a3a77d00,0x00000000a9080000)
 Metaspace       used 69729K, capacity 71440K, committed 71728K, reserved 1112064K
  class space    used 9240K, capacity 9717K, committed 9776K, reserved 1048576K
}
Event: 25.413 GC heap before
{Heap before GC invocations=18 (full 3):
 PSYoungGen      total 144384K, used 144368K [0x00000000e0000000, 0x00000000ec900000, 0x0000000100000000)
  eden space 128512K, 100% used [0x00000000e0000000,0x00000000e7d80000,0x00000000e7d80000)
  from space 15872K, 99% used [0x00000000e9880000,0x00000000ea7fc3a0,0x00000000ea800000)
  to   space 27648K, 0% used [0x00000000e7d80000,0x00000000e7d80000,0x00000000e9880000)
 ParOldGen       total 147968K, used 59871K [0x00000000a0000000, 0x00000000a9080000, 0x00000000e0000000)
  object space 147968K, 40% used [0x00000000a0000000,0x00000000a3a77d00,0x00000000a9080000)
 Metaspace       used 73570K, capacity 75296K, committed 75568K, reserved 1114112K
  class space    used 9537K, capacity 9999K, committed 10032K, reserved 1048576K
Event: 25.637 GC heap after
Heap after GC invocations=18 (full 3):
 PSYoungGen      total 156160K, used 27627K [0x00000000e0000000, 0x00000000ef100000, 0x0000000100000000)
  eden space 128512K, 0% used [0x00000000e0000000,0x00000000e0000000,0x00000000e7d80000)
  from space 27648K, 99% used [0x00000000e7d80000,0x00000000e987af10,0x00000000e9880000)
  to   space 38912K, 0% used [0x00000000ecb00000,0x00000000ecb00000,0x00000000ef100000)
 ParOldGen       total 147968K, used 78446K [0x00000000a0000000, 0x00000000a9080000, 0x00000000e0000000)
  object space 147968K, 53% used [0x00000000a0000000,0x00000000a4c9bbc0,0x00000000a9080000)
 Metaspace       used 73570K, capacity 75296K, committed 75568K, reserved 1114112K
  class space    used 9537K, capacity 9999K, committed 10032K, reserved 1048576K
}

