# JRE version: OpenJDK Runtime Environment (8.0_152-b01) (build 1.8.0_152-release-1248-b01)
# Java VM: OpenJDK 64-Bit Server VM (25.152-b01 mixed mode windows-amd64 compressed oops)
Heap:
 PSYoungGen      total 113664K, used 113142K [0x00000000e0000000, 0x00000000eb200000, 0x0000000100000000)
  eden space 77824K, 99% used [0x00000000e0000000,0x00000000e4b808a8,0x00000000e4c00000)
  from space 35840K, 99% used [0x00000000e4c00000,0x00000000e6efd288,0x00000000e6f00000)
  to   space 45568K, 75% used [0x00000000e8580000,0x00000000ea718378,0x00000000eb200000)
 ParOldGen       total 171008K, used 71214K [0x00000000a0000000, 0x00000000aa700000, 0x00000000e0000000)
  object space 171008K, 41% used [0x00000000a0000000,0x00000000a458b978,0x00000000aa700000)
 Metaspace       used 80693K, capacity 83028K, committed 83248K, reserved 1122304K
  class space    used 10386K, capacity 10969K, committed 11056K, reserved 1048576K
GC Heap History (10 events):
Event: 4895.034 GC heap after
Heap after GC invocations=20 (full 3):
 PSYoungGen      total 101376K, used 9663K [0x00000000e0000000, 0x00000000e7d80000, 0x0000000100000000)
  eden space 91648K, 0% used [0x00000000e0000000,0x00000000e0000000,0x00000000e5980000)
  from space 9728K, 99% used [0x00000000e5b00000,0x00000000e646fd28,0x00000000e6480000)
  to   space 18432K, 0% used [0x00000000e6b80000,0x00000000e6b80000,0x00000000e7d80000)
 ParOldGen       total 171008K, used 29461K [0x00000000a0000000, 0x00000000aa700000, 0x00000000e0000000)
  object space 171008K, 17% used [0x00000000a0000000,0x00000000a1cc54e0,0x00000000aa700000)
 Metaspace       used 65385K, capacity 67504K, committed 67632K, reserved 1107968K
  class space    used 8692K, capacity 9211K, committed 9264K, reserved 1048576K
}
Event: 4934.715 GC heap before
{Heap before GC invocations=21 (full 3):
 PSYoungGen      total 101376K, used 101311K [0x00000000e0000000, 0x00000000e7d80000, 0x0000000100000000)
  eden space 91648K, 100% used [0x00000000e0000000,0x00000000e5980000,0x00000000e5980000)
  from space 9728K, 99% used [0x00000000e5b00000,0x00000000e646fd28,0x00000000e6480000)
  to   space 18432K, 0% used [0x00000000e6b80000,0x00000000e6b80000,0x00000000e7d80000)
 ParOldGen       total 171008K, used 29461K [0x00000000a0000000, 0x00000000aa700000, 0x00000000e0000000)
  object space 171008K, 17% used [0x00000000a0000000,0x00000000a1cc54e0,0x00000000aa700000)
 Metaspace       used 67516K, capacity 69714K, committed 69936K, reserved 1110016K
  class space    used 8926K, capacity 9490K, committed 9520K, reserved 1048576K
Event: 4934.753 GC heap after
Heap after GC invocations=21 (full 3):
 PSYoungGen      total 105984K, used 11212K [0x00000000e0000000, 0x00000000e7b00000, 0x0000000100000000)
  eden space 90112K, 0% used [0x00000000e0000000,0x00000000e0000000,0x00000000e5800000)
  from space 15872K, 70% used [0x00000000e6b80000,0x00000000e7673070,0x00000000e7b00000)
  to   space 17920K, 0% used [0x00000000e5800000,0x00000000e5800000,0x00000000e6980000)
 ParOldGen       total 171008K, used 29469K [0x00000000a0000000, 0x00000000aa700000, 0x00000000e0000000)
  object space 171008K, 17% used [0x00000000a0000000,0x00000000a1cc74e0,0x00000000aa700000)
 Metaspace       used 67516K, capacity 69714K, committed 69936K, reserved 1110016K
  class space    used 8926K, capacity 9490K, committed 9520K, reserved 1048576K
}
Event: 4941.700 GC heap before
{Heap before GC invocations=22 (full 3):
 PSYoungGen      total 105984K, used 101324K [0x00000000e0000000, 0x00000000e7b00000, 0x0000000100000000)
  eden space 90112K, 100% used [0x00000000e0000000,0x00000000e5800000,0x00000000e5800000)
  from space 15872K, 70% used [0x00000000e6b80000,0x00000000e7673070,0x00000000e7b00000)
  to   space 17920K, 0% used [0x00000000e5800000,0x00000000e5800000,0x00000000e6980000)
 ParOldGen       total 171008K, used 29469K [0x00000000a0000000, 0x00000000aa700000, 0x00000000e0000000)
  object space 171008K, 17% used [0x00000000a0000000,0x00000000a1cc74e0,0x00000000aa700000)
 Metaspace       used 72206K, capacity 74474K, committed 74672K, reserved 1114112K
  class space    used 9483K, capacity 10078K, committed 10160K, reserved 1048576K
Event: 4941.763 GC heap after
Heap after GC invocations=22 (full 3):
 PSYoungGen      total 106496K, used 17906K [0x00000000e0000000, 0x00000000e8780000, 0x0000000100000000)
  eden space 88576K, 0% used [0x00000000e0000000,0x00000000e0000000,0x00000000e5680000)
  from space 17920K, 99% used [0x00000000e5800000,0x00000000e697ca68,0x00000000e6980000)
  to   space 25088K, 0% used [0x00000000e6f00000,0x00000000e6f00000,0x00000000e8780000)
 ParOldGen       total 171008K, used 41666K [0x00000000a0000000, 0x00000000aa700000, 0x00000000e0000000)
  object space 171008K, 24% used [0x00000000a0000000,0x00000000a28b08d8,0x00000000aa700000)
 Metaspace       used 72206K, capacity 74474K, committed 74672K, reserved 1114112K
  class space    used 9483K, capacity 10078K, committed 10160K, reserved 1048576K
}
Event: 4944.317 GC heap before
{Heap before GC invocations=23 (full 3):
 PSYoungGen      total 106496K, used 106482K [0x00000000e0000000, 0x00000000e8780000, 0x0000000100000000)
  eden space 88576K, 100% used [0x00000000e0000000,0x00000000e5680000,0x00000000e5680000)
  from space 17920K, 99% used [0x00000000e5800000,0x00000000e697ca68,0x00000000e6980000)
  to   space 25088K, 0% used [0x00000000e6f00000,0x00000000e6f00000,0x00000000e8780000)
 ParOldGen       total 171008K, used 41666K [0x00000000a0000000, 0x00000000aa700000, 0x00000000e0000000)
  object space 171008K, 24% used [0x00000000a0000000,0x00000000a28b08d8,0x00000000aa700000)
 Metaspace       used 78426K, capacity 80650K, committed 80944K, reserved 1120256K
  class space    used 10158K, capacity 10750K, committed 10800K, reserved 1048576K
Event: 4944.384 GC heap after
Heap after GC invocations=23 (full 3):
 PSYoungGen      total 102912K, used 25077K [0x00000000e0000000, 0x00000000ea800000, 0x0000000100000000)
  eden space 77824K, 0% used [0x00000000e0000000,0x00000000e0000000,0x00000000e4c00000)
  from space 25088K, 99% used [0x00000000e6f00000,0x00000000e877d508,0x00000000e8780000)
  to   space 35840K, 0% used [0x00000000e4c00000,0x00000000e4c00000,0x00000000e6f00000)
 ParOldGen       total 171008K, used 60815K [0x00000000a0000000, 0x00000000aa700000, 0x00000000e0000000)
  object space 171008K, 35% used [0x00000000a0000000,0x00000000a3b63e38,0x00000000aa700000)
 Metaspace       used 78426K, capacity 80650K, committed 80944K, reserved 1120256K
  class space    used 10158K, capacity 10750K, committed 10800K, reserved 1048576K
}
Event: 4946.648 GC heap before
{Heap before GC invocations=24 (full 3):
 PSYoungGen      total 102912K, used 102901K [0x00000000e0000000, 0x00000000ea800000, 0x0000000100000000)
  eden space 77824K, 100% used [0x00000000e0000000,0x00000000e4c00000,0x00000000e4c00000)
  from space 25088K, 99% used [0x00000000e6f00000,0x00000000e877d508,0x00000000e8780000)
  to   space 35840K, 0% used [0x00000000e4c00000,0x00000000e4c00000,0x00000000e6f00000)
 ParOldGen       total 171008K, used 60815K [0x00000000a0000000, 0x00000000aa700000, 0x00000000e0000000)
  object space 171008K, 35% used [0x00000000a0000000,0x00000000a3b63e38,0x00000000aa700000)
 Metaspace       used 79609K, capacity 81802K, committed 82096K, reserved 1120256K
  class space    used 10230K, capacity 10814K, committed 10928K, reserved 1048576K
Event: 4946.726 GC heap after
Heap after GC invocations=24 (full 3):
 PSYoungGen      total 113664K, used 35828K [0x00000000e0000000, 0x00000000eb200000, 0x0000000100000000)
  eden space 77824K, 0% used [0x00000000e0000000,0x00000000e0000000,0x00000000e4c00000)
  from space 35840K, 99% used [0x00000000e4c00000,0x00000000e6efd288,0x00000000e6f00000)
  to   space 45568K, 0% used [0x00000000e8580000,0x00000000e8580000,0x00000000eb200000)
 ParOldGen       total 171008K, used 71206K [0x00000000a0000000, 0x00000000aa700000, 0x00000000e0000000)
  object space 171008K, 41% used [0x00000000a0000000,0x00000000a4589978,0x00000000aa700000)
 Metaspace       used 79609K, capacity 81802K, committed 82096K, reserved 1120256K
  class space    used 10230K, capacity 10814K, committed 10928K, reserved 1048576K
}
Event: 4947.946 GC heap before
{Heap before GC invocations=25 (full 3):
 PSYoungGen      total 113664K, used 113142K [0x00000000e0000000, 0x00000000eb200000, 0x0000000100000000)
  eden space 77824K, 99% used [0x00000000e0000000,0x00000000e4b808a8,0x00000000e4c00000)
  from space 35840K, 99% used [0x00000000e4c00000,0x00000000e6efd288,0x00000000e6f00000)
  to   space 45568K, 0% used [0x00000000e8580000,0x00000000e8580000,0x00000000eb200000)
 ParOldGen       total 171008K, used 71206K [0x00000000a0000000, 0x00000000aa700000, 0x00000000e0000000)
  object space 171008K, 41% used [0x00000000a0000000,0x00000000a4589978,0x00000000aa700000)
 Metaspace       used 80693K, capacity 83028K, committed 83248K, reserved 1122304K
  class space    used 10386K, capacity 10969K, committed 11056K, reserved 1048576K

