# JRE version: OpenJDK Runtime Environment (8.0_152-b06) (build 1.8.0_152-release-1136-b06)
# Java VM: OpenJDK 64-Bit Server VM (25.152-b06 mixed mode windows-amd64 compressed oops)
Heap:
 PSYoungGen      total 448512K, used 430171K [0x00000000e0000000, 0x0000000100000000, 0x0000000100000000)
  eden space 380928K, 100% used [0x00000000e0000000,0x00000000f7400000,0x00000000f7400000)
  from space 67584K, 72% used [0x00000000fbe00000,0x00000000fee16dd8,0x0000000100000000)
  to   space 71680K, 99% used [0x00000000f7400000,0x00000000fb9fdd30,0x00000000fba00000)
 ParOldGen       total 222208K, used 84042K [0x00000000a0000000, 0x00000000ad900000, 0x00000000e0000000)
  object space 222208K, 37% used [0x00000000a0000000,0x00000000a5212970,0x00000000ad900000)
 Metaspace       used 142614K, capacity 146860K, committed 147096K, reserved 1179648K
  class space    used 16997K, capacity 17811K, committed 17840K, reserved 1048576K
GC Heap History (10 events):
Event: 4546.848 GC heap after
Heap after GC invocations=26 (full 4):
 PSYoungGen      total 409088K, used 14819K [0x00000000e0000000, 0x00000000fce00000, 0x0000000100000000)
  eden space 360448K, 0% used [0x00000000e0000000,0x00000000e0000000,0x00000000f6000000)
  from space 48640K, 30% used [0x00000000f9e80000,0x00000000facf8c50,0x00000000fce00000)
  to   space 56320K, 0% used [0x00000000f6000000,0x00000000f6000000,0x00000000f9700000)
 ParOldGen       total 222208K, used 55072K [0x00000000a0000000, 0x00000000ad900000, 0x00000000e0000000)
  object space 222208K, 24% used [0x00000000a0000000,0x00000000a35c82e0,0x00000000ad900000)
 Metaspace       used 118450K, capacity 121962K, committed 122520K, reserved 1157120K
  class space    used 14372K, capacity 15074K, committed 15280K, reserved 1048576K
}
Event: 5645.115 GC heap before
{Heap before GC invocations=27 (full 4):
 PSYoungGen      total 409088K, used 375267K [0x00000000e0000000, 0x00000000fce00000, 0x0000000100000000)
  eden space 360448K, 100% used [0x00000000e0000000,0x00000000f6000000,0x00000000f6000000)
  from space 48640K, 30% used [0x00000000f9e80000,0x00000000facf8c50,0x00000000fce00000)
  to   space 56320K, 0% used [0x00000000f6000000,0x00000000f6000000,0x00000000f9700000)
 ParOldGen       total 222208K, used 55072K [0x00000000a0000000, 0x00000000ad900000, 0x00000000e0000000)
  object space 222208K, 24% used [0x00000000a0000000,0x00000000a35c82e0,0x00000000ad900000)
 Metaspace       used 124751K, capacity 128902K, committed 129048K, reserved 1163264K
  class space    used 15085K, capacity 15862K, committed 15920K, reserved 1048576K
Event: 5645.139 GC heap after
Heap after GC invocations=27 (full 4):
 PSYoungGen      total 416768K, used 16443K [0x00000000e0000000, 0x00000000fdf00000, 0x0000000100000000)
  eden space 360448K, 0% used [0x00000000e0000000,0x00000000e0000000,0x00000000f6000000)
  from space 56320K, 29% used [0x00000000f6000000,0x00000000f700eef0,0x00000000f9700000)
  to   space 53760K, 0% used [0x00000000faa80000,0x00000000faa80000,0x00000000fdf00000)
 ParOldGen       total 222208K, used 55080K [0x00000000a0000000, 0x00000000ad900000, 0x00000000e0000000)
  object space 222208K, 24% used [0x00000000a0000000,0x00000000a35ca2e0,0x00000000ad900000)
 Metaspace       used 124751K, capacity 128902K, committed 129048K, reserved 1163264K
  class space    used 15085K, capacity 15862K, committed 15920K, reserved 1048576K
}
Event: 5656.581 GC heap before
{Heap before GC invocations=28 (full 4):
 PSYoungGen      total 416768K, used 376891K [0x00000000e0000000, 0x00000000fdf00000, 0x0000000100000000)
  eden space 360448K, 100% used [0x00000000e0000000,0x00000000f6000000,0x00000000f6000000)
  from space 56320K, 29% used [0x00000000f6000000,0x00000000f700eef0,0x00000000f9700000)
  to   space 53760K, 0% used [0x00000000faa80000,0x00000000faa80000,0x00000000fdf00000)
 ParOldGen       total 222208K, used 55080K [0x00000000a0000000, 0x00000000ad900000, 0x00000000e0000000)
  object space 222208K, 24% used [0x00000000a0000000,0x00000000a35ca2e0,0x00000000ad900000)
 Metaspace       used 130698K, capacity 134814K, committed 135064K, reserved 1167360K
  class space    used 15722K, capacity 16510K, committed 16560K, reserved 1048576K
Event: 5656.611 GC heap after
Heap after GC invocations=28 (full 4):
 PSYoungGen      total 429568K, used 19865K [0x00000000e0000000, 0x00000000fd900000, 0x0000000100000000)
  eden space 381952K, 0% used [0x00000000e0000000,0x00000000e0000000,0x00000000f7500000)
  from space 47616K, 41% used [0x00000000faa80000,0x00000000fbde6428,0x00000000fd900000)
  to   space 51200K, 0% used [0x00000000f7500000,0x00000000f7500000,0x00000000fa700000)
 ParOldGen       total 222208K, used 55088K [0x00000000a0000000, 0x00000000ad900000, 0x00000000e0000000)
  object space 222208K, 24% used [0x00000000a0000000,0x00000000a35cc2e0,0x00000000ad900000)
 Metaspace       used 130698K, capacity 134814K, committed 135064K, reserved 1167360K
  class space    used 15722K, capacity 16510K, committed 16560K, reserved 1048576K
}
Event: 7558.225 GC heap before
{Heap before GC invocations=29 (full 4):
 PSYoungGen      total 429568K, used 401817K [0x00000000e0000000, 0x00000000fd900000, 0x0000000100000000)
  eden space 381952K, 100% used [0x00000000e0000000,0x00000000f7500000,0x00000000f7500000)
  from space 47616K, 41% used [0x00000000faa80000,0x00000000fbde6428,0x00000000fd900000)
  to   space 51200K, 0% used [0x00000000f7500000,0x00000000f7500000,0x00000000fa700000)
 ParOldGen       total 222208K, used 55088K [0x00000000a0000000, 0x00000000ad900000, 0x00000000e0000000)
  object space 222208K, 24% used [0x00000000a0000000,0x00000000a35cc2e0,0x00000000ad900000)
 Metaspace       used 136526K, capacity 140736K, committed 140824K, reserved 1173504K
  class space    used 16361K, capacity 17161K, committed 17200K, reserved 1048576K
Event: 7558.441 GC heap after
Heap after GC invocations=29 (full 4):
 PSYoungGen      total 433152K, used 51182K [0x00000000e0000000, 0x0000000100000000, 0x0000000100000000)
  eden space 381952K, 0% used [0x00000000e0000000,0x00000000e0000000,0x00000000f7500000)
  from space 51200K, 99% used [0x00000000f7500000,0x00000000fa6fb8a8,0x00000000fa700000)
  to   space 67584K, 0% used [0x00000000fbe00000,0x00000000fbe00000,0x0000000100000000)
 ParOldGen       total 222208K, used 78317K [0x00000000a0000000, 0x00000000ad900000, 0x00000000e0000000)
  object space 222208K, 35% used [0x00000000a0000000,0x00000000a4c7b608,0x00000000ad900000)
 Metaspace       used 136526K, capacity 140736K, committed 140824K, reserved 1173504K
  class space    used 16361K, capacity 17161K, committed 17200K, reserved 1048576K
}
Event: 7569.850 GC heap before
{Heap before GC invocations=30 (full 4):
 PSYoungGen      total 433152K, used 433134K [0x00000000e0000000, 0x0000000100000000, 0x0000000100000000)
  eden space 381952K, 100% used [0x00000000e0000000,0x00000000f7500000,0x00000000f7500000)
  from space 51200K, 99% used [0x00000000f7500000,0x00000000fa6fb8a8,0x00000000fa700000)
  to   space 67584K, 0% used [0x00000000fbe00000,0x00000000fbe00000,0x0000000100000000)
 ParOldGen       total 222208K, used 78317K [0x00000000a0000000, 0x00000000ad900000, 0x00000000e0000000)
  object space 222208K, 35% used [0x00000000a0000000,0x00000000a4c7b608,0x00000000ad900000)
 Metaspace       used 136853K, capacity 141010K, committed 141080K, reserved 1173504K
  class space    used 16366K, capacity 17162K, committed 17200K, reserved 1048576K
Event: 7569.930 GC heap after
Heap after GC invocations=30 (full 4):
 PSYoungGen      total 448512K, used 49243K [0x00000000e0000000, 0x0000000100000000, 0x0000000100000000)
  eden space 380928K, 0% used [0x00000000e0000000,0x00000000e0000000,0x00000000f7400000)
  from space 67584K, 72% used [0x00000000fbe00000,0x00000000fee16dd8,0x0000000100000000)
  to   space 71680K, 0% used [0x00000000f7400000,0x00000000f7400000,0x00000000fba00000)
 ParOldGen       total 222208K, used 78325K [0x00000000a0000000, 0x00000000ad900000, 0x00000000e0000000)
  object space 222208K, 35% used [0x00000000a0000000,0x00000000a4c7d608,0x00000000ad900000)
 Metaspace       used 136853K, capacity 141010K, committed 141080K, reserved 1173504K
  class space    used 16366K, capacity 17162K, committed 17200K, reserved 1048576K
}
Event: 7667.165 GC heap before
{Heap before GC invocations=31 (full 4):
 PSYoungGen      total 448512K, used 430171K [0x00000000e0000000, 0x0000000100000000, 0x0000000100000000)
  eden space 380928K, 100% used [0x00000000e0000000,0x00000000f7400000,0x00000000f7400000)
  from space 67584K, 72% used [0x00000000fbe00000,0x00000000fee16dd8,0x0000000100000000)
  to   space 71680K, 0% used [0x00000000f7400000,0x00000000f7400000,0x00000000fba00000)
 ParOldGen       total 222208K, used 78325K [0x00000000a0000000, 0x00000000ad900000, 0x00000000e0000000)
  object space 222208K, 35% used [0x00000000a0000000,0x00000000a4c7d608,0x00000000ad900000)
 Metaspace       used 142614K, capacity 146860K, committed 147096K, reserved 1179648K
  class space    used 16997K, capacity 17811K, committed 17840K, reserved 1048576K

